[2025-08-30 16:16:43] === Google Colab Keep-Alive Script (Bash) ===
[2025-08-30 16:16:43] URL: https://colab.research.google.com/
[2025-08-30 16:16:43] inter: 300 sec
[2025-08-30 16:16:43] logs: colab_keepalive.log
[2025-08-30 16:16:43] X server ОК ✓
[2025-08-30 16:16:43] ✓
[2025-08-30 16:16:43] start...
[2025-08-30 16:16:45] browzer active: 0x00c00004
[2025-08-30 16:16:47] (2)
[2025-08-30 16:16:49] (1103, 493)
[2025-08-30 16:16:50] pouse 308 sec for next act...
[2025-08-30 16:16:55] === Google Colab Keep-Alive Script (Bash) ===
[2025-08-30 16:16:55] URL: https://colab.research.google.com/
[2025-08-30 16:16:55] inter: 300 sec
[2025-08-30 16:16:55] logs: colab_keepalive.log
[2025-08-30 16:16:55] X server ОК ✓
[2025-08-30 16:16:55] ✓
[2025-08-30 16:16:55] start...
[2025-08-30 16:16:56] browzer active: 0x00c00004
[2025-08-30 16:16:57] HTTP ping Colab
[2025-08-30 16:16:59] (2)
[2025-08-30 16:17:03] HTTP ping Colab
[2025-08-30 16:17:05] pouse 302 sec for next act...
[2025-08-30 16:17:55] stoped.
